0 info it worked if it ends with ok
1 verbose cli [ '/usr/bin/node', '/usr/bin/npm', 'install', '-g', 'update-node' ]
2 info using npm@3.5.2
3 info using node@v8.10.0
4 silly loadCurrentTree Starting
5 silly install loadCurrentTree
6 silly install readGlobalPackageData
7 silly fetchPackageMetaData update-node
8 silly fetchNamedPackageData update-node
9 silly mapToRegistry name update-node
10 silly mapToRegistry using default registry
11 silly mapToRegistry registry https://registry.npmjs.org/
12 silly mapToRegistry uri https://registry.npmjs.org/update-node
13 verbose request uri https://registry.npmjs.org/update-node
14 verbose request no auth needed
15 info attempt registry request try #1 at 11:53:48 PM
16 verbose request id dc3a91ecd14622e9
17 verbose etag W/"8e5e0893554d73ec64912eec1a5960c0"
18 verbose lastModified Tue, 15 Oct 2019 11:43:17 GMT
19 http request GET https://registry.npmjs.org/update-node
20 http 304 https://registry.npmjs.org/update-node
21 verbose headers { date: 'Mon, 04 Nov 2019 18:23:35 GMT',
21 verbose headers   connection: 'keep-alive',
21 verbose headers   'set-cookie':
21 verbose headers    [ '__cfduid=d418e1a8b79e33c4a81c119210d9ee6ee1572891814; expires=Tue, 03-Nov-20 18:23:34 GMT; path=/; domain=.npmjs.org; HttpOnly' ],
21 verbose headers   'cf-cache-status': 'REVALIDATED',
21 verbose headers   'cache-control': 'max-age=300',
21 verbose headers   'cf-ray': '53089eaf3a6fe152-BOM',
21 verbose headers   etag: '"8e5e0893554d73ec64912eec1a5960c0"',
21 verbose headers   'expect-ct': 'max-age=604800, report-uri="https://report-uri.cloudflare.com/cdn-cgi/beacon/expect-ct"',
21 verbose headers   'last-modified': 'Tue, 15 Oct 2019 11:43:17 GMT',
21 verbose headers   vary: 'accept-encoding, accept',
21 verbose headers   'x-amz-meta-rev': '9-8908fd4fac99f9a665573329652d58a0',
21 verbose headers   server: 'cloudflare' }
22 silly get cb [ 304,
22 silly get   { date: 'Mon, 04 Nov 2019 18:23:35 GMT',
22 silly get     connection: 'keep-alive',
22 silly get     'set-cookie':
22 silly get      [ '__cfduid=d418e1a8b79e33c4a81c119210d9ee6ee1572891814; expires=Tue, 03-Nov-20 18:23:34 GMT; path=/; domain=.npmjs.org; HttpOnly' ],
22 silly get     'cf-cache-status': 'REVALIDATED',
22 silly get     'cache-control': 'max-age=300',
22 silly get     'cf-ray': '53089eaf3a6fe152-BOM',
22 silly get     etag: '"8e5e0893554d73ec64912eec1a5960c0"',
22 silly get     'expect-ct': 'max-age=604800, report-uri="https://report-uri.cloudflare.com/cdn-cgi/beacon/expect-ct"',
22 silly get     'last-modified': 'Tue, 15 Oct 2019 11:43:17 GMT',
22 silly get     vary: 'accept-encoding, accept',
22 silly get     'x-amz-meta-rev': '9-8908fd4fac99f9a665573329652d58a0',
22 silly get     server: 'cloudflare' } ]
23 verbose etag https://registry.npmjs.org/update-node from cache
24 verbose get saving update-node to /home/abhishek/.npm/registry.npmjs.org/update-node/.cache.json
25 silly install normalizeTree
26 silly loadCurrentTree Finishing
27 silly loadIdealTree Starting
28 silly install loadIdealTree
29 silly cloneCurrentTree Starting
30 silly install cloneCurrentTreeToIdealTree
31 silly cloneCurrentTree Finishing
32 silly loadShrinkwrap Starting
33 silly install loadShrinkwrap
34 silly loadShrinkwrap Finishing
35 silly loadAllDepsIntoIdealTree Starting
36 silly install loadAllDepsIntoIdealTree
37 silly resolveWithNewModule update-node@0.1.0 checking installable status
38 silly cache add args [ 'update-node', null ]
39 verbose cache add spec update-node
40 silly cache add parsed spec Result {
40 silly cache add   raw: 'update-node',
40 silly cache add   scope: null,
40 silly cache add   name: 'update-node',
40 silly cache add   rawSpec: '',
40 silly cache add   spec: 'latest',
40 silly cache add   type: 'tag' }
41 silly addNamed update-node@latest
42 verbose addNamed "latest" is being treated as a dist-tag for update-node
43 info addNameTag [ 'update-node', 'latest' ]
44 silly mapToRegistry name update-node
45 silly mapToRegistry using default registry
46 silly mapToRegistry registry https://registry.npmjs.org/
47 silly mapToRegistry uri https://registry.npmjs.org/update-node
48 verbose addNameTag registry:https://registry.npmjs.org/update-node not in flight; fetching
49 verbose get https://registry.npmjs.org/update-node not expired, no request
50 silly addNameTag next cb for update-node with tag latest
51 silly addNamed update-node@0.1.0
52 verbose addNamed "0.1.0" is a plain semver version for update-node
53 silly cache afterAdd update-node@0.1.0
54 verbose afterAdd /home/abhishek/.npm/update-node/0.1.0/package/package.json not in flight; writing
55 verbose afterAdd /home/abhishek/.npm/update-node/0.1.0/package/package.json written
56 silly fetchNamedPackageData buntstift
57 silly mapToRegistry name buntstift
58 silly mapToRegistry using default registry
59 silly mapToRegistry registry https://registry.npmjs.org/
60 silly mapToRegistry uri https://registry.npmjs.org/buntstift
61 silly fetchNamedPackageData commander
62 silly mapToRegistry name commander
63 silly mapToRegistry using default registry
64 silly mapToRegistry registry https://registry.npmjs.org/
65 silly mapToRegistry uri https://registry.npmjs.org/commander
66 verbose request uri https://registry.npmjs.org/buntstift
67 verbose request no auth needed
68 info attempt registry request try #1 at 11:53:50 PM
69 verbose etag W/"926c1e604e7fa6233ab01fa45a041837"
70 verbose lastModified Tue, 15 Oct 2019 11:42:04 GMT
71 http request GET https://registry.npmjs.org/buntstift
72 verbose request uri https://registry.npmjs.org/commander
73 verbose request no auth needed
74 info attempt registry request try #1 at 11:53:50 PM
75 verbose etag W/"4e67032ad82ca625f13e0d10248592d3"
76 verbose lastModified Fri, 01 Nov 2019 10:12:53 GMT
77 http request GET https://registry.npmjs.org/commander
78 http 304 https://registry.npmjs.org/commander
79 verbose headers { date: 'Mon, 04 Nov 2019 18:23:35 GMT',
79 verbose headers   connection: 'keep-alive',
79 verbose headers   'set-cookie':
79 verbose headers    [ '__cfduid=dff88e811b80b5afc29486419cceef50f1572891815; expires=Tue, 03-Nov-20 18:23:35 GMT; path=/; domain=.npmjs.org; HttpOnly' ],
79 verbose headers   'cf-cache-status': 'HIT',
79 verbose headers   'cache-control': 'max-age=300',
79 verbose headers   'cf-ray': '53089eb90b3adf53-BOM',
79 verbose headers   age: '2236',
79 verbose headers   etag: '"4e67032ad82ca625f13e0d10248592d3"',
79 verbose headers   'expect-ct': 'max-age=604800, report-uri="https://report-uri.cloudflare.com/cdn-cgi/beacon/expect-ct"',
79 verbose headers   'last-modified': 'Fri, 01 Nov 2019 10:12:53 GMT',
79 verbose headers   vary: 'accept-encoding, accept',
79 verbose headers   'x-amz-meta-rev': '1338-236b2d571791728ec4c23f9db82c736b',
79 verbose headers   server: 'cloudflare' }
80 silly get cb [ 304,
80 silly get   { date: 'Mon, 04 Nov 2019 18:23:35 GMT',
80 silly get     connection: 'keep-alive',
80 silly get     'set-cookie':
80 silly get      [ '__cfduid=dff88e811b80b5afc29486419cceef50f1572891815; expires=Tue, 03-Nov-20 18:23:35 GMT; path=/; domain=.npmjs.org; HttpOnly' ],
80 silly get     'cf-cache-status': 'HIT',
80 silly get     'cache-control': 'max-age=300',
80 silly get     'cf-ray': '53089eb90b3adf53-BOM',
80 silly get     age: '2236',
80 silly get     etag: '"4e67032ad82ca625f13e0d10248592d3"',
80 silly get     'expect-ct': 'max-age=604800, report-uri="https://report-uri.cloudflare.com/cdn-cgi/beacon/expect-ct"',
80 silly get     'last-modified': 'Fri, 01 Nov 2019 10:12:53 GMT',
80 silly get     vary: 'accept-encoding, accept',
80 silly get     'x-amz-meta-rev': '1338-236b2d571791728ec4c23f9db82c736b',
80 silly get     server: 'cloudflare' } ]
81 verbose etag https://registry.npmjs.org/commander from cache
82 verbose get saving commander to /home/abhishek/.npm/registry.npmjs.org/commander/.cache.json
83 silly resolveWithNewModule commander@2.9.0 checking installable status
84 silly cache add args [ 'commander@2.9.0', null ]
85 verbose cache add spec commander@2.9.0
86 silly cache add parsed spec Result {
86 silly cache add   raw: 'commander@2.9.0',
86 silly cache add   scope: null,
86 silly cache add   name: 'commander',
86 silly cache add   rawSpec: '2.9.0',
86 silly cache add   spec: '2.9.0',
86 silly cache add   type: 'version' }
87 silly addNamed commander@2.9.0
88 verbose addNamed "2.9.0" is a plain semver version for commander
89 silly mapToRegistry name commander
90 silly mapToRegistry using default registry
91 silly mapToRegistry registry https://registry.npmjs.org/
92 silly mapToRegistry uri https://registry.npmjs.org/commander
93 verbose addNameVersion registry:https://registry.npmjs.org/commander not in flight; fetching
94 verbose get https://registry.npmjs.org/commander not expired, no request
95 silly cache afterAdd commander@2.9.0
96 verbose afterAdd /home/abhishek/.npm/commander/2.9.0/package/package.json not in flight; writing
97 verbose afterAdd /home/abhishek/.npm/commander/2.9.0/package/package.json written
98 http 304 https://registry.npmjs.org/buntstift
99 verbose headers { date: 'Mon, 04 Nov 2019 18:23:36 GMT',
99 verbose headers   connection: 'keep-alive',
99 verbose headers   'set-cookie':
99 verbose headers    [ '__cfduid=d967c6fa33aa80d5405bb55fa156736af1572891815; expires=Tue, 03-Nov-20 18:23:35 GMT; path=/; domain=.npmjs.org; HttpOnly' ],
99 verbose headers   'cf-cache-status': 'REVALIDATED',
99 verbose headers   'cache-control': 'max-age=300',
99 verbose headers   'cf-ray': '53089eb86ab1e152-BOM',
99 verbose headers   etag: '"926c1e604e7fa6233ab01fa45a041837"',
99 verbose headers   'expect-ct': 'max-age=604800, report-uri="https://report-uri.cloudflare.com/cdn-cgi/beacon/expect-ct"',
99 verbose headers   'last-modified': 'Tue, 15 Oct 2019 11:42:04 GMT',
99 verbose headers   vary: 'accept-encoding, accept',
99 verbose headers   'x-amz-meta-rev': '46-912bbd39ce0689ada85a1dcae7cc5c8f',
99 verbose headers   server: 'cloudflare' }
100 silly get cb [ 304,
100 silly get   { date: 'Mon, 04 Nov 2019 18:23:36 GMT',
100 silly get     connection: 'keep-alive',
100 silly get     'set-cookie':
100 silly get      [ '__cfduid=d967c6fa33aa80d5405bb55fa156736af1572891815; expires=Tue, 03-Nov-20 18:23:35 GMT; path=/; domain=.npmjs.org; HttpOnly' ],
100 silly get     'cf-cache-status': 'REVALIDATED',
100 silly get     'cache-control': 'max-age=300',
100 silly get     'cf-ray': '53089eb86ab1e152-BOM',
100 silly get     etag: '"926c1e604e7fa6233ab01fa45a041837"',
100 silly get     'expect-ct': 'max-age=604800, report-uri="https://report-uri.cloudflare.com/cdn-cgi/beacon/expect-ct"',
100 silly get     'last-modified': 'Tue, 15 Oct 2019 11:42:04 GMT',
100 silly get     vary: 'accept-encoding, accept',
100 silly get     'x-amz-meta-rev': '46-912bbd39ce0689ada85a1dcae7cc5c8f',
100 silly get     server: 'cloudflare' } ]
101 verbose etag https://registry.npmjs.org/buntstift from cache
102 verbose get saving buntstift to /home/abhishek/.npm/registry.npmjs.org/buntstift/.cache.json
103 silly resolveWithNewModule buntstift@0.4.0 checking installable status
104 silly cache add args [ 'buntstift@0.4.0', null ]
105 verbose cache add spec buntstift@0.4.0
106 silly cache add parsed spec Result {
106 silly cache add   raw: 'buntstift@0.4.0',
106 silly cache add   scope: null,
106 silly cache add   name: 'buntstift',
106 silly cache add   rawSpec: '0.4.0',
106 silly cache add   spec: '0.4.0',
106 silly cache add   type: 'version' }
107 silly addNamed buntstift@0.4.0
108 verbose addNamed "0.4.0" is a plain semver version for buntstift
109 silly mapToRegistry name buntstift
110 silly mapToRegistry using default registry
111 silly mapToRegistry registry https://registry.npmjs.org/
112 silly mapToRegistry uri https://registry.npmjs.org/buntstift
113 verbose addNameVersion registry:https://registry.npmjs.org/buntstift not in flight; fetching
114 verbose get https://registry.npmjs.org/buntstift not expired, no request
115 silly cache afterAdd buntstift@0.4.0
116 verbose afterAdd /home/abhishek/.npm/buntstift/0.4.0/package/package.json not in flight; writing
117 verbose afterAdd /home/abhishek/.npm/buntstift/0.4.0/package/package.json written
118 silly fetchNamedPackageData chalk
119 silly mapToRegistry name chalk
120 silly mapToRegistry using default registry
121 silly mapToRegistry registry https://registry.npmjs.org/
122 silly mapToRegistry uri https://registry.npmjs.org/chalk
123 silly fetchNamedPackageData markup-js
124 silly mapToRegistry name markup-js
125 silly mapToRegistry using default registry
126 silly mapToRegistry registry https://registry.npmjs.org/
127 silly mapToRegistry uri https://registry.npmjs.org/markup-js
128 silly fetchNamedPackageData node-spinner
129 silly mapToRegistry name node-spinner
130 silly mapToRegistry using default registry
131 silly mapToRegistry registry https://registry.npmjs.org/
132 silly mapToRegistry uri https://registry.npmjs.org/node-spinner
133 verbose request uri https://registry.npmjs.org/markup-js
134 verbose request no auth needed
135 info attempt registry request try #1 at 11:53:51 PM
136 verbose etag W/"7bdef480878b4d9700d58ffdb49ed947"
137 verbose lastModified Sun, 27 May 2018 07:29:21 GMT
138 http request GET https://registry.npmjs.org/markup-js
139 verbose request uri https://registry.npmjs.org/node-spinner
140 verbose request no auth needed
141 info attempt registry request try #1 at 11:53:51 PM
142 verbose etag W/"8fd544a6ff152d51a0bf24fedaac55f4"
143 verbose lastModified Sun, 27 May 2018 10:16:28 GMT
144 http request GET https://registry.npmjs.org/node-spinner
145 verbose request uri https://registry.npmjs.org/chalk
146 verbose request no auth needed
147 info attempt registry request try #1 at 11:53:51 PM
148 verbose etag W/"3e186ab113ee8546bbb8a446e73d0095"
149 verbose lastModified Sat, 26 Oct 2019 12:07:57 GMT
150 http request GET https://registry.npmjs.org/chalk
151 http 304 https://registry.npmjs.org/chalk
152 verbose headers { date: 'Mon, 04 Nov 2019 18:23:37 GMT',
152 verbose headers   connection: 'keep-alive',
152 verbose headers   'set-cookie':
152 verbose headers    [ '__cfduid=db30683ce526b7ac0b1f3727a31ec57441572891817; expires=Tue, 03-Nov-20 18:23:37 GMT; path=/; domain=.npmjs.org; HttpOnly' ],
152 verbose headers   'cf-cache-status': 'HIT',
152 verbose headers   'cache-control': 'max-age=300',
152 verbose headers   'cf-ray': '53089ec169bddf3a-BOM',
152 verbose headers   age: '5471',
152 verbose headers   etag: '"3e186ab113ee8546bbb8a446e73d0095"',
152 verbose headers   'expect-ct': 'max-age=604800, report-uri="https://report-uri.cloudflare.com/cdn-cgi/beacon/expect-ct"',
152 verbose headers   'last-modified': 'Sat, 26 Oct 2019 12:07:57 GMT',
152 verbose headers   vary: 'accept-encoding, accept',
152 verbose headers   'x-amz-meta-rev': '1141-e5c910c548f21ee01412b19f58f36840',
152 verbose headers   server: 'cloudflare' }
153 silly get cb [ 304,
153 silly get   { date: 'Mon, 04 Nov 2019 18:23:37 GMT',
153 silly get     connection: 'keep-alive',
153 silly get     'set-cookie':
153 silly get      [ '__cfduid=db30683ce526b7ac0b1f3727a31ec57441572891817; expires=Tue, 03-Nov-20 18:23:37 GMT; path=/; domain=.npmjs.org; HttpOnly' ],
153 silly get     'cf-cache-status': 'HIT',
153 silly get     'cache-control': 'max-age=300',
153 silly get     'cf-ray': '53089ec169bddf3a-BOM',
153 silly get     age: '5471',
153 silly get     etag: '"3e186ab113ee8546bbb8a446e73d0095"',
153 silly get     'expect-ct': 'max-age=604800, report-uri="https://report-uri.cloudflare.com/cdn-cgi/beacon/expect-ct"',
153 silly get     'last-modified': 'Sat, 26 Oct 2019 12:07:57 GMT',
153 silly get     vary: 'accept-encoding, accept',
153 silly get     'x-amz-meta-rev': '1141-e5c910c548f21ee01412b19f58f36840',
153 silly get     server: 'cloudflare' } ]
154 verbose etag https://registry.npmjs.org/chalk from cache
155 verbose get saving chalk to /home/abhishek/.npm/registry.npmjs.org/chalk/.cache.json
156 silly resolveWithNewModule chalk@1.1.1 checking installable status
157 silly cache add args [ 'chalk@1.1.1', null ]
158 verbose cache add spec chalk@1.1.1
159 silly cache add parsed spec Result {
159 silly cache add   raw: 'chalk@1.1.1',
159 silly cache add   scope: null,
159 silly cache add   name: 'chalk',
159 silly cache add   rawSpec: '1.1.1',
159 silly cache add   spec: '1.1.1',
159 silly cache add   type: 'version' }
160 silly addNamed chalk@1.1.1
161 verbose addNamed "1.1.1" is a plain semver version for chalk
162 silly mapToRegistry name chalk
163 silly mapToRegistry using default registry
164 silly mapToRegistry registry https://registry.npmjs.org/
165 silly mapToRegistry uri https://registry.npmjs.org/chalk
166 verbose addNameVersion registry:https://registry.npmjs.org/chalk not in flight; fetching
167 verbose get https://registry.npmjs.org/chalk not expired, no request
168 silly cache afterAdd chalk@1.1.1
169 verbose afterAdd /home/abhishek/.npm/chalk/1.1.1/package/package.json not in flight; writing
170 verbose afterAdd /home/abhishek/.npm/chalk/1.1.1/package/package.json written
171 http 304 https://registry.npmjs.org/markup-js
172 verbose headers { date: 'Mon, 04 Nov 2019 18:23:38 GMT',
172 verbose headers   connection: 'keep-alive',
172 verbose headers   'set-cookie':
172 verbose headers    [ '__cfduid=d29f9f5dadd1f8f6fcadc4b22e0f0e6211572891817; expires=Tue, 03-Nov-20 18:23:37 GMT; path=/; domain=.npmjs.org; HttpOnly' ],
172 verbose headers   'cf-cache-status': 'REVALIDATED',
172 verbose headers   'cache-control': 'max-age=300',
172 verbose headers   'cf-ray': '53089ec0aa64df53-BOM',
172 verbose headers   etag: '"7bdef480878b4d9700d58ffdb49ed947"',
172 verbose headers   'expect-ct': 'max-age=604800, report-uri="https://report-uri.cloudflare.com/cdn-cgi/beacon/expect-ct"',
172 verbose headers   'last-modified': 'Sun, 27 May 2018 07:29:21 GMT',
172 verbose headers   vary: 'accept-encoding, accept',
172 verbose headers   server: 'cloudflare' }
173 silly get cb [ 304,
173 silly get   { date: 'Mon, 04 Nov 2019 18:23:38 GMT',
173 silly get     connection: 'keep-alive',
173 silly get     'set-cookie':
173 silly get      [ '__cfduid=d29f9f5dadd1f8f6fcadc4b22e0f0e6211572891817; expires=Tue, 03-Nov-20 18:23:37 GMT; path=/; domain=.npmjs.org; HttpOnly' ],
173 silly get     'cf-cache-status': 'REVALIDATED',
173 silly get     'cache-control': 'max-age=300',
173 silly get     'cf-ray': '53089ec0aa64df53-BOM',
173 silly get     etag: '"7bdef480878b4d9700d58ffdb49ed947"',
173 silly get     'expect-ct': 'max-age=604800, report-uri="https://report-uri.cloudflare.com/cdn-cgi/beacon/expect-ct"',
173 silly get     'last-modified': 'Sun, 27 May 2018 07:29:21 GMT',
173 silly get     vary: 'accept-encoding, accept',
173 silly get     server: 'cloudflare' } ]
174 verbose etag https://registry.npmjs.org/markup-js from cache
175 verbose get saving markup-js to /home/abhishek/.npm/registry.npmjs.org/markup-js/.cache.json
176 silly resolveWithNewModule markup-js@1.5.21 checking installable status
177 silly cache add args [ 'markup-js@1.5.21', null ]
178 verbose cache add spec markup-js@1.5.21
179 silly cache add parsed spec Result {
179 silly cache add   raw: 'markup-js@1.5.21',
179 silly cache add   scope: null,
179 silly cache add   name: 'markup-js',
179 silly cache add   rawSpec: '1.5.21',
179 silly cache add   spec: '1.5.21',
179 silly cache add   type: 'version' }
180 silly addNamed markup-js@1.5.21
181 verbose addNamed "1.5.21" is a plain semver version for markup-js
182 silly mapToRegistry name markup-js
183 silly mapToRegistry using default registry
184 silly mapToRegistry registry https://registry.npmjs.org/
185 silly mapToRegistry uri https://registry.npmjs.org/markup-js
186 verbose addNameVersion registry:https://registry.npmjs.org/markup-js not in flight; fetching
187 verbose get https://registry.npmjs.org/markup-js not expired, no request
188 http 304 https://registry.npmjs.org/node-spinner
189 verbose headers { date: 'Mon, 04 Nov 2019 18:23:38 GMT',
189 verbose headers   connection: 'keep-alive',
189 verbose headers   'set-cookie':
189 verbose headers    [ '__cfduid=d2a14d1a5c4588798f8edb9433052868f1572891817; expires=Tue, 03-Nov-20 18:23:37 GMT; path=/; domain=.npmjs.org; HttpOnly' ],
189 verbose headers   'cf-cache-status': 'REVALIDATED',
189 verbose headers   'cache-control': 'max-age=300',
189 verbose headers   'cf-ray': '53089ec0ca56e152-BOM',
189 verbose headers   etag: '"8fd544a6ff152d51a0bf24fedaac55f4"',
189 verbose headers   'expect-ct': 'max-age=604800, report-uri="https://report-uri.cloudflare.com/cdn-cgi/beacon/expect-ct"',
189 verbose headers   'last-modified': 'Sun, 27 May 2018 10:16:28 GMT',
189 verbose headers   vary: 'accept-encoding, accept',
189 verbose headers   server: 'cloudflare' }
190 silly get cb [ 304,
190 silly get   { date: 'Mon, 04 Nov 2019 18:23:38 GMT',
190 silly get     connection: 'keep-alive',
190 silly get     'set-cookie':
190 silly get      [ '__cfduid=d2a14d1a5c4588798f8edb9433052868f1572891817; expires=Tue, 03-Nov-20 18:23:37 GMT; path=/; domain=.npmjs.org; HttpOnly' ],
190 silly get     'cf-cache-status': 'REVALIDATED',
190 silly get     'cache-control': 'max-age=300',
190 silly get     'cf-ray': '53089ec0ca56e152-BOM',
190 silly get     etag: '"8fd544a6ff152d51a0bf24fedaac55f4"',
190 silly get     'expect-ct': 'max-age=604800, report-uri="https://report-uri.cloudflare.com/cdn-cgi/beacon/expect-ct"',
190 silly get     'last-modified': 'Sun, 27 May 2018 10:16:28 GMT',
190 silly get     vary: 'accept-encoding, accept',
190 silly get     server: 'cloudflare' } ]
191 verbose etag https://registry.npmjs.org/node-spinner from cache
192 verbose get saving node-spinner to /home/abhishek/.npm/registry.npmjs.org/node-spinner/.cache.json
193 silly resolveWithNewModule node-spinner@0.0.4 checking installable status
194 silly cache add args [ 'node-spinner@0.0.4', null ]
195 verbose cache add spec node-spinner@0.0.4
196 silly cache add parsed spec Result {
196 silly cache add   raw: 'node-spinner@0.0.4',
196 silly cache add   scope: null,
196 silly cache add   name: 'node-spinner',
196 silly cache add   rawSpec: '0.0.4',
196 silly cache add   spec: '0.0.4',
196 silly cache add   type: 'version' }
197 silly addNamed node-spinner@0.0.4
198 verbose addNamed "0.0.4" is a plain semver version for node-spinner
199 silly mapToRegistry name node-spinner
200 silly mapToRegistry using default registry
201 silly mapToRegistry registry https://registry.npmjs.org/
202 silly mapToRegistry uri https://registry.npmjs.org/node-spinner
203 verbose addNameVersion registry:https://registry.npmjs.org/node-spinner not in flight; fetching
204 verbose get https://registry.npmjs.org/node-spinner not expired, no request
205 silly cache afterAdd markup-js@1.5.21
206 verbose afterAdd /home/abhishek/.npm/markup-js/1.5.21/package/package.json not in flight; writing
207 verbose afterAdd /home/abhishek/.npm/markup-js/1.5.21/package/package.json written
208 silly cache afterAdd node-spinner@0.0.4
209 verbose afterAdd /home/abhishek/.npm/node-spinner/0.0.4/package/package.json not in flight; writing
210 verbose afterAdd /home/abhishek/.npm/node-spinner/0.0.4/package/package.json written
211 silly fetchNamedPackageData ansi-styles
212 silly mapToRegistry name ansi-styles
213 silly mapToRegistry using default registry
214 silly mapToRegistry registry https://registry.npmjs.org/
215 silly mapToRegistry uri https://registry.npmjs.org/ansi-styles
216 silly fetchNamedPackageData escape-string-regexp
217 silly mapToRegistry name escape-string-regexp
218 silly mapToRegistry using default registry
219 silly mapToRegistry registry https://registry.npmjs.org/
220 silly mapToRegistry uri https://registry.npmjs.org/escape-string-regexp
221 silly fetchNamedPackageData has-ansi
222 silly mapToRegistry name has-ansi
223 silly mapToRegistry using default registry
224 silly mapToRegistry registry https://registry.npmjs.org/
225 silly mapToRegistry uri https://registry.npmjs.org/has-ansi
226 silly fetchNamedPackageData strip-ansi
227 silly mapToRegistry name strip-ansi
228 silly mapToRegistry using default registry
229 silly mapToRegistry registry https://registry.npmjs.org/
230 silly mapToRegistry uri https://registry.npmjs.org/strip-ansi
231 silly fetchNamedPackageData supports-color
232 silly mapToRegistry name supports-color
233 silly mapToRegistry using default registry
234 silly mapToRegistry registry https://registry.npmjs.org/
235 silly mapToRegistry uri https://registry.npmjs.org/supports-color
236 verbose request uri https://registry.npmjs.org/escape-string-regexp
237 verbose request no auth needed
238 info attempt registry request try #1 at 11:53:53 PM
239 verbose etag W/"5f4e7cfb193a9204c97803a97fefcbc7"
240 verbose lastModified Wed, 17 Apr 2019 07:49:13 GMT
241 http request GET https://registry.npmjs.org/escape-string-regexp
242 verbose request uri https://registry.npmjs.org/ansi-styles
243 verbose request no auth needed
244 info attempt registry request try #1 at 11:53:53 PM
245 verbose etag W/"47a762a816884f5c0b8ef22f439fd64f"
246 verbose lastModified Wed, 21 Aug 2019 23:35:51 GMT
247 http request GET https://registry.npmjs.org/ansi-styles
248 verbose request uri https://registry.npmjs.org/strip-ansi
249 verbose request no auth needed
250 info attempt registry request try #1 at 11:53:53 PM
251 verbose etag W/"d97deeaeb68c0575581f280b2e0cf430"
252 verbose lastModified Mon, 18 Mar 2019 08:46:22 GMT
253 http request GET https://registry.npmjs.org/strip-ansi
254 verbose request uri https://registry.npmjs.org/supports-color
255 verbose request no auth needed
256 info attempt registry request try #1 at 11:53:53 PM
257 verbose etag W/"dab72d7f2bf9dd6db91fd0799313f07b"
258 verbose lastModified Fri, 27 Sep 2019 04:07:07 GMT
259 http request GET https://registry.npmjs.org/supports-color
260 http 304 https://registry.npmjs.org/escape-string-regexp
261 verbose headers { date: 'Mon, 04 Nov 2019 18:23:38 GMT',
261 verbose headers   connection: 'keep-alive',
261 verbose headers   'set-cookie':
261 verbose headers    [ '__cfduid=d91ffc6d4e8763889496321f932b0374c1572891818; expires=Tue, 03-Nov-20 18:23:38 GMT; path=/; domain=.npmjs.org; HttpOnly' ],
261 verbose headers   'cf-cache-status': 'HIT',
261 verbose headers   'cache-control': 'max-age=300',
261 verbose headers   'cf-ray': '53089ec90fe7df3a-BOM',
261 verbose headers   age: '5471',
261 verbose headers   etag: '"5f4e7cfb193a9204c97803a97fefcbc7"',
261 verbose headers   'expect-ct': 'max-age=604800, report-uri="https://report-uri.cloudflare.com/cdn-cgi/beacon/expect-ct"',
261 verbose headers   'last-modified': 'Wed, 17 Apr 2019 07:49:13 GMT',
261 verbose headers   vary: 'accept-encoding, accept',
261 verbose headers   'x-amz-meta-rev': '52-947e51e5deccdf80638efda46d978ff7',
261 verbose headers   server: 'cloudflare' }
262 silly get cb [ 304,
262 silly get   { date: 'Mon, 04 Nov 2019 18:23:38 GMT',
262 silly get     connection: 'keep-alive',
262 silly get     'set-cookie':
262 silly get      [ '__cfduid=d91ffc6d4e8763889496321f932b0374c1572891818; expires=Tue, 03-Nov-20 18:23:38 GMT; path=/; domain=.npmjs.org; HttpOnly' ],
262 silly get     'cf-cache-status': 'HIT',
262 silly get     'cache-control': 'max-age=300',
262 silly get     'cf-ray': '53089ec90fe7df3a-BOM',
262 silly get     age: '5471',
262 silly get     etag: '"5f4e7cfb193a9204c97803a97fefcbc7"',
262 silly get     'expect-ct': 'max-age=604800, report-uri="https://report-uri.cloudflare.com/cdn-cgi/beacon/expect-ct"',
262 silly get     'last-modified': 'Wed, 17 Apr 2019 07:49:13 GMT',
262 silly get     vary: 'accept-encoding, accept',
262 silly get     'x-amz-meta-rev': '52-947e51e5deccdf80638efda46d978ff7',
262 silly get     server: 'cloudflare' } ]
263 verbose etag https://registry.npmjs.org/escape-string-regexp from cache
264 verbose get saving escape-string-regexp to /home/abhishek/.npm/registry.npmjs.org/escape-string-regexp/.cache.json
265 http 304 https://registry.npmjs.org/ansi-styles
266 verbose headers { date: 'Mon, 04 Nov 2019 18:23:38 GMT',
266 verbose headers   connection: 'keep-alive',
266 verbose headers   'set-cookie':
266 verbose headers    [ '__cfduid=de11182b122035b76cdff306e031d41cb1572891818; expires=Tue, 03-Nov-20 18:23:38 GMT; path=/; domain=.npmjs.org; HttpOnly' ],
266 verbose headers   'cf-cache-status': 'HIT',
266 verbose headers   'cache-control': 'max-age=300',
266 verbose headers   'cf-ray': '53089ec90a3bdf53-BOM',
266 verbose headers   age: '5471',
266 verbose headers   etag: '"47a762a816884f5c0b8ef22f439fd64f"',
266 verbose headers   'expect-ct': 'max-age=604800, report-uri="https://report-uri.cloudflare.com/cdn-cgi/beacon/expect-ct"',
266 verbose headers   'last-modified': 'Wed, 21 Aug 2019 23:35:51 GMT',
266 verbose headers   vary: 'accept-encoding, accept',
266 verbose headers   'x-amz-meta-rev': '75-8248ae34e1219261d64c7f85c57eca86',
266 verbose headers   server: 'cloudflare' }
267 silly get cb [ 304,
267 silly get   { date: 'Mon, 04 Nov 2019 18:23:38 GMT',
267 silly get     connection: 'keep-alive',
267 silly get     'set-cookie':
267 silly get      [ '__cfduid=de11182b122035b76cdff306e031d41cb1572891818; expires=Tue, 03-Nov-20 18:23:38 GMT; path=/; domain=.npmjs.org; HttpOnly' ],
267 silly get     'cf-cache-status': 'HIT',
267 silly get     'cache-control': 'max-age=300',
267 silly get     'cf-ray': '53089ec90a3bdf53-BOM',
267 silly get     age: '5471',
267 silly get     etag: '"47a762a816884f5c0b8ef22f439fd64f"',
267 silly get     'expect-ct': 'max-age=604800, report-uri="https://report-uri.cloudflare.com/cdn-cgi/beacon/expect-ct"',
267 silly get     'last-modified': 'Wed, 21 Aug 2019 23:35:51 GMT',
267 silly get     vary: 'accept-encoding, accept',
267 silly get     'x-amz-meta-rev': '75-8248ae34e1219261d64c7f85c57eca86',
267 silly get     server: 'cloudflare' } ]
268 verbose etag https://registry.npmjs.org/ansi-styles from cache
269 verbose get saving ansi-styles to /home/abhishek/.npm/registry.npmjs.org/ansi-styles/.cache.json
270 verbose request uri https://registry.npmjs.org/has-ansi
271 verbose request no auth needed
272 info attempt registry request try #1 at 11:53:53 PM
273 verbose etag W/"b0da1410ab352b3c0b7835cbc95a3dcd"
274 verbose lastModified Tue, 10 Sep 2019 19:30:43 GMT
275 http request GET https://registry.npmjs.org/has-ansi
276 silly resolveWithNewModule ansi-styles@2.2.1 checking installable status
277 silly cache add args [ 'ansi-styles@^2.1.0', null ]
278 verbose cache add spec ansi-styles@^2.1.0
279 silly cache add parsed spec Result {
279 silly cache add   raw: 'ansi-styles@^2.1.0',
279 silly cache add   scope: null,
279 silly cache add   name: 'ansi-styles',
279 silly cache add   rawSpec: '^2.1.0',
279 silly cache add   spec: '>=2.1.0 <3.0.0',
279 silly cache add   type: 'range' }
280 silly addNamed ansi-styles@>=2.1.0 <3.0.0
281 verbose addNamed ">=2.1.0 <3.0.0" is a valid semver range for ansi-styles
282 silly addNameRange { name: 'ansi-styles', range: '>=2.1.0 <3.0.0', hasData: false }
283 silly mapToRegistry name ansi-styles
284 silly mapToRegistry using default registry
285 silly mapToRegistry registry https://registry.npmjs.org/
286 silly mapToRegistry uri https://registry.npmjs.org/ansi-styles
287 verbose addNameRange registry:https://registry.npmjs.org/ansi-styles not in flight; fetching
288 http 304 https://registry.npmjs.org/strip-ansi
289 verbose headers { date: 'Mon, 04 Nov 2019 18:23:38 GMT',
289 verbose headers   connection: 'keep-alive',
289 verbose headers   'set-cookie':
289 verbose headers    [ '__cfduid=d792acf2ee01c9cf8c66fdf1aa2dcf4001572891818; expires=Tue, 03-Nov-20 18:23:38 GMT; path=/; domain=.npmjs.org; HttpOnly' ],
289 verbose headers   'cf-cache-status': 'HIT',
289 verbose headers   'cache-control': 'max-age=300',
289 verbose headers   'cf-ray': '53089ec929c7e152-BOM',
289 verbose headers   age: '5471',
289 verbose headers   etag: '"d97deeaeb68c0575581f280b2e0cf430"',
289 verbose headers   'expect-ct': 'max-age=604800, report-uri="https://report-uri.cloudflare.com/cdn-cgi/beacon/expect-ct"',
289 verbose headers   'last-modified': 'Mon, 18 Mar 2019 08:46:22 GMT',
289 verbose headers   vary: 'accept-encoding, accept',
289 verbose headers   'x-amz-meta-rev': '52-b979f8d36aaff956729abb35711905f8',
289 verbose headers   server: 'cloudflare' }
290 silly get cb [ 304,
290 silly get   { date: 'Mon, 04 Nov 2019 18:23:38 GMT',
290 silly get     connection: 'keep-alive',
290 silly get     'set-cookie':
290 silly get      [ '__cfduid=d792acf2ee01c9cf8c66fdf1aa2dcf4001572891818; expires=Tue, 03-Nov-20 18:23:38 GMT; path=/; domain=.npmjs.org; HttpOnly' ],
290 silly get     'cf-cache-status': 'HIT',
290 silly get     'cache-control': 'max-age=300',
290 silly get     'cf-ray': '53089ec929c7e152-BOM',
290 silly get     age: '5471',
290 silly get     etag: '"d97deeaeb68c0575581f280b2e0cf430"',
290 silly get     'expect-ct': 'max-age=604800, report-uri="https://report-uri.cloudflare.com/cdn-cgi/beacon/expect-ct"',
290 silly get     'last-modified': 'Mon, 18 Mar 2019 08:46:22 GMT',
290 silly get     vary: 'accept-encoding, accept',
290 silly get     'x-amz-meta-rev': '52-b979f8d36aaff956729abb35711905f8',
290 silly get     server: 'cloudflare' } ]
291 verbose etag https://registry.npmjs.org/strip-ansi from cache
292 verbose get saving strip-ansi to /home/abhishek/.npm/registry.npmjs.org/strip-ansi/.cache.json
293 http 304 https://registry.npmjs.org/has-ansi
294 verbose headers { date: 'Mon, 04 Nov 2019 18:23:38 GMT',
294 verbose headers   connection: 'keep-alive',
294 verbose headers   'set-cookie':
294 verbose headers    [ '__cfduid=d91ffc6d4e8763889496321f932b0374c1572891818; expires=Tue, 03-Nov-20 18:23:38 GMT; path=/; domain=.npmjs.org; HttpOnly' ],
294 verbose headers   'cf-cache-status': 'HIT',
294 verbose headers   'cache-control': 'max-age=300',
294 verbose headers   'cf-ray': '53089ec96834df3a-BOM',
294 verbose headers   age: '1746',
294 verbose headers   etag: '"b0da1410ab352b3c0b7835cbc95a3dcd"',
294 verbose headers   'expect-ct': 'max-age=604800, report-uri="https://report-uri.cloudflare.com/cdn-cgi/beacon/expect-ct"',
294 verbose headers   'last-modified': 'Tue, 10 Sep 2019 19:30:43 GMT',
294 verbose headers   vary: 'accept-encoding, accept',
294 verbose headers   'x-amz-meta-rev': '31-1868dc6f04b4491e1a85ddfbd1d12bc4',
294 verbose headers   server: 'cloudflare' }
295 silly get cb [ 304,
295 silly get   { date: 'Mon, 04 Nov 2019 18:23:38 GMT',
295 silly get     connection: 'keep-alive',
295 silly get     'set-cookie':
295 silly get      [ '__cfduid=d91ffc6d4e8763889496321f932b0374c1572891818; expires=Tue, 03-Nov-20 18:23:38 GMT; path=/; domain=.npmjs.org; HttpOnly' ],
295 silly get     'cf-cache-status': 'HIT',
295 silly get     'cache-control': 'max-age=300',
295 silly get     'cf-ray': '53089ec96834df3a-BOM',
295 silly get     age: '1746',
295 silly get     etag: '"b0da1410ab352b3c0b7835cbc95a3dcd"',
295 silly get     'expect-ct': 'max-age=604800, report-uri="https://report-uri.cloudflare.com/cdn-cgi/beacon/expect-ct"',
295 silly get     'last-modified': 'Tue, 10 Sep 2019 19:30:43 GMT',
295 silly get     vary: 'accept-encoding, accept',
295 silly get     'x-amz-meta-rev': '31-1868dc6f04b4491e1a85ddfbd1d12bc4',
295 silly get     server: 'cloudflare' } ]
296 verbose etag https://registry.npmjs.org/has-ansi from cache
297 verbose get saving has-ansi to /home/abhishek/.npm/registry.npmjs.org/has-ansi/.cache.json
298 verbose get https://registry.npmjs.org/ansi-styles not expired, no request
299 silly addNameRange number 2 { name: 'ansi-styles', range: '>=2.1.0 <3.0.0', hasData: true }
300 silly addNameRange versions [ 'ansi-styles',
300 silly addNameRange   [ '0.1.0',
300 silly addNameRange     '0.1.1',
300 silly addNameRange     '0.1.2',
300 silly addNameRange     '0.2.0',
300 silly addNameRange     '1.0.0',
300 silly addNameRange     '1.1.0',
300 silly addNameRange     '2.0.0',
300 silly addNameRange     '2.0.1',
300 silly addNameRange     '2.1.0',
300 silly addNameRange     '2.2.1',
300 silly addNameRange     '3.0.0',
300 silly addNameRange     '3.1.0',
300 silly addNameRange     '3.2.0',
300 silly addNameRange     '3.2.1',
300 silly addNameRange     '4.0.0',
300 silly addNameRange     '4.1.0' ] ]
301 silly addNamed ansi-styles@2.2.1
302 verbose addNamed "2.2.1" is a plain semver version for ansi-styles
303 silly resolveWithNewModule escape-string-regexp@1.0.5 checking installable status
304 silly cache add args [ 'escape-string-regexp@^1.0.2', null ]
305 verbose cache add spec escape-string-regexp@^1.0.2
306 silly cache add parsed spec Result {
306 silly cache add   raw: 'escape-string-regexp@^1.0.2',
306 silly cache add   scope: null,
306 silly cache add   name: 'escape-string-regexp',
306 silly cache add   rawSpec: '^1.0.2',
306 silly cache add   spec: '>=1.0.2 <2.0.0',
306 silly cache add   type: 'range' }
307 silly addNamed escape-string-regexp@>=1.0.2 <2.0.0
308 verbose addNamed ">=1.0.2 <2.0.0" is a valid semver range for escape-string-regexp
309 silly addNameRange { name: 'escape-string-regexp',
309 silly addNameRange   range: '>=1.0.2 <2.0.0',
309 silly addNameRange   hasData: false }
310 silly mapToRegistry name escape-string-regexp
311 silly mapToRegistry using default registry
312 silly mapToRegistry registry https://registry.npmjs.org/
313 silly mapToRegistry uri https://registry.npmjs.org/escape-string-regexp
314 verbose addNameRange registry:https://registry.npmjs.org/escape-string-regexp not in flight; fetching
315 silly resolveWithNewModule has-ansi@2.0.0 checking installable status
316 silly cache add args [ 'has-ansi@^2.0.0', null ]
317 verbose cache add spec has-ansi@^2.0.0
318 silly cache add parsed spec Result {
318 silly cache add   raw: 'has-ansi@^2.0.0',
318 silly cache add   scope: null,
318 silly cache add   name: 'has-ansi',
318 silly cache add   rawSpec: '^2.0.0',
318 silly cache add   spec: '>=2.0.0 <3.0.0',
318 silly cache add   type: 'range' }
319 silly addNamed has-ansi@>=2.0.0 <3.0.0
320 verbose addNamed ">=2.0.0 <3.0.0" is a valid semver range for has-ansi
321 silly addNameRange { name: 'has-ansi', range: '>=2.0.0 <3.0.0', hasData: false }
322 silly mapToRegistry name has-ansi
323 silly mapToRegistry using default registry
324 silly mapToRegistry registry https://registry.npmjs.org/
325 silly mapToRegistry uri https://registry.npmjs.org/has-ansi
326 verbose addNameRange registry:https://registry.npmjs.org/has-ansi not in flight; fetching
327 verbose get https://registry.npmjs.org/escape-string-regexp not expired, no request
328 silly addNameRange number 2 { name: 'escape-string-regexp',
328 silly addNameRange   range: '>=1.0.2 <2.0.0',
328 silly addNameRange   hasData: true }
329 silly addNameRange versions [ 'escape-string-regexp',
329 silly addNameRange   [ '1.0.0', '1.0.1', '1.0.2', '1.0.3', '1.0.4', '1.0.5', '2.0.0' ] ]
330 silly addNamed escape-string-regexp@1.0.5
331 verbose addNamed "1.0.5" is a plain semver version for escape-string-regexp
332 silly resolveWithNewModule strip-ansi@3.0.1 checking installable status
333 silly cache add args [ 'strip-ansi@^3.0.0', null ]
334 verbose cache add spec strip-ansi@^3.0.0
335 silly cache add parsed spec Result {
335 silly cache add   raw: 'strip-ansi@^3.0.0',
335 silly cache add   scope: null,
335 silly cache add   name: 'strip-ansi',
335 silly cache add   rawSpec: '^3.0.0',
335 silly cache add   spec: '>=3.0.0 <4.0.0',
335 silly cache add   type: 'range' }
336 silly addNamed strip-ansi@>=3.0.0 <4.0.0
337 verbose addNamed ">=3.0.0 <4.0.0" is a valid semver range for strip-ansi
338 silly addNameRange { name: 'strip-ansi', range: '>=3.0.0 <4.0.0', hasData: false }
339 silly mapToRegistry name strip-ansi
340 silly mapToRegistry using default registry
341 silly mapToRegistry registry https://registry.npmjs.org/
342 silly mapToRegistry uri https://registry.npmjs.org/strip-ansi
343 verbose addNameRange registry:https://registry.npmjs.org/strip-ansi not in flight; fetching
344 verbose get https://registry.npmjs.org/has-ansi not expired, no request
345 silly addNameRange number 2 { name: 'has-ansi', range: '>=2.0.0 <3.0.0', hasData: true }
346 silly addNameRange versions [ 'has-ansi',
346 silly addNameRange   [ '0.1.0',
346 silly addNameRange     '1.0.0',
346 silly addNameRange     '1.0.1',
346 silly addNameRange     '1.0.2',
346 silly addNameRange     '1.0.3',
346 silly addNameRange     '2.0.0',
346 silly addNameRange     '3.0.0',
346 silly addNameRange     '4.0.0' ] ]
347 silly addNamed has-ansi@2.0.0
348 verbose addNamed "2.0.0" is a plain semver version for has-ansi
349 verbose get https://registry.npmjs.org/strip-ansi not expired, no request
350 silly addNameRange number 2 { name: 'strip-ansi', range: '>=3.0.0 <4.0.0', hasData: true }
351 silly addNameRange versions [ 'strip-ansi',
351 silly addNameRange   [ '0.1.0',
351 silly addNameRange     '0.1.1',
351 silly addNameRange     '0.2.0',
351 silly addNameRange     '0.2.1',
351 silly addNameRange     '0.2.2',
351 silly addNameRange     '0.3.0',
351 silly addNameRange     '1.0.0',
351 silly addNameRange     '2.0.0',
351 silly addNameRange     '2.0.1',
351 silly addNameRange     '3.0.0',
351 silly addNameRange     '3.0.1',
351 silly addNameRange     '4.0.0',
351 silly addNameRange     '5.0.0',
351 silly addNameRange     '5.1.0',
351 silly addNameRange     '5.2.0' ] ]
352 silly addNamed strip-ansi@3.0.1
353 verbose addNamed "3.0.1" is a plain semver version for strip-ansi
354 http 304 https://registry.npmjs.org/supports-color
355 verbose headers { date: 'Mon, 04 Nov 2019 18:23:38 GMT',
355 verbose headers   connection: 'keep-alive',
355 verbose headers   'set-cookie':
355 verbose headers    [ '__cfduid=d39dfffed07245f17c8a1aec3e608b0441572891818; expires=Tue, 03-Nov-20 18:23:38 GMT; path=/; domain=.npmjs.org; HttpOnly' ],
355 verbose headers   'cf-cache-status': 'HIT',
355 verbose headers   'cache-control': 'max-age=300',
355 verbose headers   'cf-ray': '53089ec9dcd1e14e-BOM',
355 verbose headers   age: '5471',
355 verbose headers   etag: '"dab72d7f2bf9dd6db91fd0799313f07b"',
355 verbose headers   'expect-ct': 'max-age=604800, report-uri="https://report-uri.cloudflare.com/cdn-cgi/beacon/expect-ct"',
355 verbose headers   'last-modified': 'Fri, 27 Sep 2019 04:07:07 GMT',
355 verbose headers   vary: 'accept-encoding, accept',
355 verbose headers   'x-amz-meta-rev': '81-0717b08222a1859381e5eba2eb8b0f96',
355 verbose headers   server: 'cloudflare' }
356 silly get cb [ 304,
356 silly get   { date: 'Mon, 04 Nov 2019 18:23:38 GMT',
356 silly get     connection: 'keep-alive',
356 silly get     'set-cookie':
356 silly get      [ '__cfduid=d39dfffed07245f17c8a1aec3e608b0441572891818; expires=Tue, 03-Nov-20 18:23:38 GMT; path=/; domain=.npmjs.org; HttpOnly' ],
356 silly get     'cf-cache-status': 'HIT',
356 silly get     'cache-control': 'max-age=300',
356 silly get     'cf-ray': '53089ec9dcd1e14e-BOM',
356 silly get     age: '5471',
356 silly get     etag: '"dab72d7f2bf9dd6db91fd0799313f07b"',
356 silly get     'expect-ct': 'max-age=604800, report-uri="https://report-uri.cloudflare.com/cdn-cgi/beacon/expect-ct"',
356 silly get     'last-modified': 'Fri, 27 Sep 2019 04:07:07 GMT',
356 silly get     vary: 'accept-encoding, accept',
356 silly get     'x-amz-meta-rev': '81-0717b08222a1859381e5eba2eb8b0f96',
356 silly get     server: 'cloudflare' } ]
357 verbose etag https://registry.npmjs.org/supports-color from cache
358 verbose get saving supports-color to /home/abhishek/.npm/registry.npmjs.org/supports-color/.cache.json
359 silly cache afterAdd strip-ansi@3.0.1
360 verbose afterAdd /home/abhishek/.npm/strip-ansi/3.0.1/package/package.json not in flight; writing
361 silly cache afterAdd ansi-styles@2.2.1
362 verbose afterAdd /home/abhishek/.npm/ansi-styles/2.2.1/package/package.json not in flight; writing
363 silly resolveWithNewModule supports-color@2.0.0 checking installable status
364 silly cache add args [ 'supports-color@^2.0.0', null ]
365 verbose cache add spec supports-color@^2.0.0
366 silly cache add parsed spec Result {
366 silly cache add   raw: 'supports-color@^2.0.0',
366 silly cache add   scope: null,
366 silly cache add   name: 'supports-color',
366 silly cache add   rawSpec: '^2.0.0',
366 silly cache add   spec: '>=2.0.0 <3.0.0',
366 silly cache add   type: 'range' }
367 silly addNamed supports-color@>=2.0.0 <3.0.0
368 verbose addNamed ">=2.0.0 <3.0.0" is a valid semver range for supports-color
369 silly addNameRange { name: 'supports-color',
369 silly addNameRange   range: '>=2.0.0 <3.0.0',
369 silly addNameRange   hasData: false }
370 silly mapToRegistry name supports-color
371 silly mapToRegistry using default registry
372 silly mapToRegistry registry https://registry.npmjs.org/
373 silly mapToRegistry uri https://registry.npmjs.org/supports-color
374 verbose addNameRange registry:https://registry.npmjs.org/supports-color not in flight; fetching
375 verbose afterAdd /home/abhishek/.npm/ansi-styles/2.2.1/package/package.json written
376 verbose afterAdd /home/abhishek/.npm/strip-ansi/3.0.1/package/package.json written
377 silly cache afterAdd has-ansi@2.0.0
378 verbose afterAdd /home/abhishek/.npm/has-ansi/2.0.0/package/package.json not in flight; writing
379 verbose get https://registry.npmjs.org/supports-color not expired, no request
380 silly addNameRange number 2 { name: 'supports-color',
380 silly addNameRange   range: '>=2.0.0 <3.0.0',
380 silly addNameRange   hasData: true }
381 silly addNameRange versions [ 'supports-color',
381 silly addNameRange   [ '0.2.0',
381 silly addNameRange     '1.0.0',
381 silly addNameRange     '1.1.0',
381 silly addNameRange     '1.2.0',
381 silly addNameRange     '1.2.1',
381 silly addNameRange     '1.3.0',
381 silly addNameRange     '1.3.1',
381 silly addNameRange     '2.0.0',
381 silly addNameRange     '3.0.0',
381 silly addNameRange     '3.0.1',
381 silly addNameRange     '3.1.0',
381 silly addNameRange     '3.1.1',
381 silly addNameRange     '3.1.2',
381 silly addNameRange     '3.2.0',
381 silly addNameRange     '3.2.1',
381 silly addNameRange     '3.2.2',
381 silly addNameRange     '3.2.3',
381 silly addNameRange     '4.0.0',
381 silly addNameRange     '4.1.0',
381 silly addNameRange     '4.2.0',
381 silly addNameRange     '4.2.1',
381 silly addNameRange     '4.3.0',
381 silly addNameRange     '4.4.0',
381 silly addNameRange     '4.5.0',
381 silly addNameRange     '5.0.0',
381 silly addNameRange     '5.0.1',
381 silly addNameRange     '5.1.0',
381 silly addNameRange     '5.2.0',
381 silly addNameRange     '5.3.0',
381 silly addNameRange     '5.4.0',
381 silly addNameRange     '5.5.0',
381 silly addNameRange     '6.0.0',
381 silly addNameRange     '6.1.0',
381 silly addNameRange     '7.0.0',
381 silly addNameRange     '7.1.0' ] ]
382 silly addNamed supports-color@2.0.0
383 verbose addNamed "2.0.0" is a plain semver version for supports-color
384 silly cache afterAdd escape-string-regexp@1.0.5
385 verbose afterAdd /home/abhishek/.npm/escape-string-regexp/1.0.5/package/package.json not in flight; writing
386 verbose afterAdd /home/abhishek/.npm/has-ansi/2.0.0/package/package.json written
387 verbose afterAdd /home/abhishek/.npm/escape-string-regexp/1.0.5/package/package.json written
388 silly cache afterAdd supports-color@2.0.0
389 verbose afterAdd /home/abhishek/.npm/supports-color/2.0.0/package/package.json not in flight; writing
390 verbose afterAdd /home/abhishek/.npm/supports-color/2.0.0/package/package.json written
391 silly fetchNamedPackageData ansi-regex
392 silly mapToRegistry name ansi-regex
393 silly mapToRegistry using default registry
394 silly mapToRegistry registry https://registry.npmjs.org/
395 silly mapToRegistry uri https://registry.npmjs.org/ansi-regex
396 verbose request uri https://registry.npmjs.org/ansi-regex
397 verbose request no auth needed
398 info attempt registry request try #1 at 11:53:53 PM
399 verbose etag W/"4398cd332942be46127377ece3e19220"
400 verbose lastModified Fri, 04 Oct 2019 11:29:17 GMT
401 http request GET https://registry.npmjs.org/ansi-regex
402 http 304 https://registry.npmjs.org/ansi-regex
403 verbose headers { date: 'Mon, 04 Nov 2019 18:23:38 GMT',
403 verbose headers   connection: 'keep-alive',
403 verbose headers   'set-cookie':
403 verbose headers    [ '__cfduid=de11182b122035b76cdff306e031d41cb1572891818; expires=Tue, 03-Nov-20 18:23:38 GMT; path=/; domain=.npmjs.org; HttpOnly' ],
403 verbose headers   'cf-cache-status': 'HIT',
403 verbose headers   'cache-control': 'max-age=300',
403 verbose headers   'cf-ray': '53089ecb9d00df53-BOM',
403 verbose headers   age: '5469',
403 verbose headers   etag: '"4398cd332942be46127377ece3e19220"',
403 verbose headers   'expect-ct': 'max-age=604800, report-uri="https://report-uri.cloudflare.com/cdn-cgi/beacon/expect-ct"',
403 verbose headers   'last-modified': 'Fri, 04 Oct 2019 11:29:17 GMT',
403 verbose headers   vary: 'accept-encoding, accept',
403 verbose headers   'x-amz-meta-rev': '46-fe5d0ad70c7c30aba8284b4d48fdfe8f',
403 verbose headers   server: 'cloudflare' }
404 silly get cb [ 304,
404 silly get   { date: 'Mon, 04 Nov 2019 18:23:38 GMT',
404 silly get     connection: 'keep-alive',
404 silly get     'set-cookie':
404 silly get      [ '__cfduid=de11182b122035b76cdff306e031d41cb1572891818; expires=Tue, 03-Nov-20 18:23:38 GMT; path=/; domain=.npmjs.org; HttpOnly' ],
404 silly get     'cf-cache-status': 'HIT',
404 silly get     'cache-control': 'max-age=300',
404 silly get     'cf-ray': '53089ecb9d00df53-BOM',
404 silly get     age: '5469',
404 silly get     etag: '"4398cd332942be46127377ece3e19220"',
404 silly get     'expect-ct': 'max-age=604800, report-uri="https://report-uri.cloudflare.com/cdn-cgi/beacon/expect-ct"',
404 silly get     'last-modified': 'Fri, 04 Oct 2019 11:29:17 GMT',
404 silly get     vary: 'accept-encoding, accept',
404 silly get     'x-amz-meta-rev': '46-fe5d0ad70c7c30aba8284b4d48fdfe8f',
404 silly get     server: 'cloudflare' } ]
405 verbose etag https://registry.npmjs.org/ansi-regex from cache
406 verbose get saving ansi-regex to /home/abhishek/.npm/registry.npmjs.org/ansi-regex/.cache.json
407 silly resolveWithNewModule ansi-regex@2.1.1 checking installable status
408 silly cache add args [ 'ansi-regex@^2.0.0', null ]
409 verbose cache add spec ansi-regex@^2.0.0
410 silly cache add parsed spec Result {
410 silly cache add   raw: 'ansi-regex@^2.0.0',
410 silly cache add   scope: null,
410 silly cache add   name: 'ansi-regex',
410 silly cache add   rawSpec: '^2.0.0',
410 silly cache add   spec: '>=2.0.0 <3.0.0',
410 silly cache add   type: 'range' }
411 silly addNamed ansi-regex@>=2.0.0 <3.0.0
412 verbose addNamed ">=2.0.0 <3.0.0" is a valid semver range for ansi-regex
413 silly addNameRange { name: 'ansi-regex', range: '>=2.0.0 <3.0.0', hasData: false }
414 silly mapToRegistry name ansi-regex
415 silly mapToRegistry using default registry
416 silly mapToRegistry registry https://registry.npmjs.org/
417 silly mapToRegistry uri https://registry.npmjs.org/ansi-regex
418 verbose addNameRange registry:https://registry.npmjs.org/ansi-regex not in flight; fetching
419 verbose get https://registry.npmjs.org/ansi-regex not expired, no request
420 silly addNameRange number 2 { name: 'ansi-regex', range: '>=2.0.0 <3.0.0', hasData: true }
421 silly addNameRange versions [ 'ansi-regex',
421 silly addNameRange   [ '0.1.0',
421 silly addNameRange     '0.2.0',
421 silly addNameRange     '0.2.1',
421 silly addNameRange     '1.0.0',
421 silly addNameRange     '1.1.0',
421 silly addNameRange     '1.1.1',
421 silly addNameRange     '2.0.0',
421 silly addNameRange     '2.1.1',
421 silly addNameRange     '3.0.0',
421 silly addNameRange     '4.0.0',
421 silly addNameRange     '4.1.0',
421 silly addNameRange     '5.0.0' ] ]
422 silly addNamed ansi-regex@2.1.1
423 verbose addNamed "2.1.1" is a plain semver version for ansi-regex
424 silly cache afterAdd ansi-regex@2.1.1
425 verbose afterAdd /home/abhishek/.npm/ansi-regex/2.1.1/package/package.json not in flight; writing
426 verbose afterAdd /home/abhishek/.npm/ansi-regex/2.1.1/package/package.json written
427 silly fetchNamedPackageData util-extend
428 silly mapToRegistry name util-extend
429 silly mapToRegistry using default registry
430 silly mapToRegistry registry https://registry.npmjs.org/
431 silly mapToRegistry uri https://registry.npmjs.org/util-extend
432 verbose request uri https://registry.npmjs.org/util-extend
433 verbose request no auth needed
434 info attempt registry request try #1 at 11:53:53 PM
435 verbose etag W/"5f8da6455341e5c3102eb44789c96ed2"
436 verbose lastModified Sun, 27 May 2018 20:38:19 GMT
437 http request GET https://registry.npmjs.org/util-extend
438 http 304 https://registry.npmjs.org/util-extend
439 verbose headers { date: 'Mon, 04 Nov 2019 18:23:39 GMT',
439 verbose headers   connection: 'keep-alive',
439 verbose headers   'set-cookie':
439 verbose headers    [ '__cfduid=db57194b2bd2ad2b8dd144e5dfa4fc4d51572891819; expires=Tue, 03-Nov-20 18:23:39 GMT; path=/; domain=.npmjs.org; HttpOnly' ],
439 verbose headers   'cf-cache-status': 'HIT',
439 verbose headers   'cache-control': 'max-age=300',
439 verbose headers   'cf-ray': '53089eccfd54e152-BOM',
439 verbose headers   age: '1658',
439 verbose headers   etag: '"5f8da6455341e5c3102eb44789c96ed2"',
439 verbose headers   'expect-ct': 'max-age=604800, report-uri="https://report-uri.cloudflare.com/cdn-cgi/beacon/expect-ct"',
439 verbose headers   'last-modified': 'Sun, 27 May 2018 20:38:19 GMT',
439 verbose headers   vary: 'accept-encoding, accept',
439 verbose headers   server: 'cloudflare' }
440 silly get cb [ 304,
440 silly get   { date: 'Mon, 04 Nov 2019 18:23:39 GMT',
440 silly get     connection: 'keep-alive',
440 silly get     'set-cookie':
440 silly get      [ '__cfduid=db57194b2bd2ad2b8dd144e5dfa4fc4d51572891819; expires=Tue, 03-Nov-20 18:23:39 GMT; path=/; domain=.npmjs.org; HttpOnly' ],
440 silly get     'cf-cache-status': 'HIT',
440 silly get     'cache-control': 'max-age=300',
440 silly get     'cf-ray': '53089eccfd54e152-BOM',
440 silly get     age: '1658',
440 silly get     etag: '"5f8da6455341e5c3102eb44789c96ed2"',
440 silly get     'expect-ct': 'max-age=604800, report-uri="https://report-uri.cloudflare.com/cdn-cgi/beacon/expect-ct"',
440 silly get     'last-modified': 'Sun, 27 May 2018 20:38:19 GMT',
440 silly get     vary: 'accept-encoding, accept',
440 silly get     server: 'cloudflare' } ]
441 verbose etag https://registry.npmjs.org/util-extend from cache
442 verbose get saving util-extend to /home/abhishek/.npm/registry.npmjs.org/util-extend/.cache.json
443 silly resolveWithNewModule util-extend@1.0.3 checking installable status
444 silly cache add args [ 'util-extend@~1.0.1', null ]
445 verbose cache add spec util-extend@~1.0.1
446 silly cache add parsed spec Result {
446 silly cache add   raw: 'util-extend@~1.0.1',
446 silly cache add   scope: null,
446 silly cache add   name: 'util-extend',
446 silly cache add   rawSpec: '~1.0.1',
446 silly cache add   spec: '>=1.0.1 <1.1.0',
446 silly cache add   type: 'range' }
447 silly addNamed util-extend@>=1.0.1 <1.1.0
448 verbose addNamed ">=1.0.1 <1.1.0" is a valid semver range for util-extend
449 silly addNameRange { name: 'util-extend', range: '>=1.0.1 <1.1.0', hasData: false }
450 silly mapToRegistry name util-extend
451 silly mapToRegistry using default registry
452 silly mapToRegistry registry https://registry.npmjs.org/
453 silly mapToRegistry uri https://registry.npmjs.org/util-extend
454 verbose addNameRange registry:https://registry.npmjs.org/util-extend not in flight; fetching
455 verbose get https://registry.npmjs.org/util-extend not expired, no request
456 silly addNameRange number 2 { name: 'util-extend', range: '>=1.0.1 <1.1.0', hasData: true }
457 silly addNameRange versions [ 'util-extend', [ '1.0.0', '1.0.1', '1.0.2', '1.0.3' ] ]
458 silly addNamed util-extend@1.0.3
459 verbose addNamed "1.0.3" is a plain semver version for util-extend
460 silly cache afterAdd util-extend@1.0.3
461 verbose afterAdd /home/abhishek/.npm/util-extend/1.0.3/package/package.json not in flight; writing
462 verbose afterAdd /home/abhishek/.npm/util-extend/1.0.3/package/package.json written
463 silly fetchNamedPackageData graceful-readlink
464 silly mapToRegistry name graceful-readlink
465 silly mapToRegistry using default registry
466 silly mapToRegistry registry https://registry.npmjs.org/
467 silly mapToRegistry uri https://registry.npmjs.org/graceful-readlink
468 verbose request uri https://registry.npmjs.org/graceful-readlink
469 verbose request no auth needed
470 info attempt registry request try #1 at 11:53:53 PM
471 verbose etag W/"7e1aa4591615c6775d58881e2119bb1b"
472 verbose lastModified Sun, 27 May 2018 02:39:28 GMT
473 http request GET https://registry.npmjs.org/graceful-readlink
474 http 304 https://registry.npmjs.org/graceful-readlink
475 verbose headers { date: 'Mon, 04 Nov 2019 18:23:39 GMT',
475 verbose headers   connection: 'keep-alive',
475 verbose headers   'set-cookie':
475 verbose headers    [ '__cfduid=db2d30e098fa0f7c5bda0320082e369eb1572891819; expires=Tue, 03-Nov-20 18:23:39 GMT; path=/; domain=.npmjs.org; HttpOnly' ],
475 verbose headers   'cf-cache-status': 'HIT',
475 verbose headers   'cache-control': 'max-age=300',
475 verbose headers   'cf-ray': '53089ecdec28df3a-BOM',
475 verbose headers   age: '4463',
475 verbose headers   etag: '"7e1aa4591615c6775d58881e2119bb1b"',
475 verbose headers   'expect-ct': 'max-age=604800, report-uri="https://report-uri.cloudflare.com/cdn-cgi/beacon/expect-ct"',
475 verbose headers   'last-modified': 'Sun, 27 May 2018 02:39:28 GMT',
475 verbose headers   vary: 'accept-encoding, accept',
475 verbose headers   server: 'cloudflare' }
476 silly get cb [ 304,
476 silly get   { date: 'Mon, 04 Nov 2019 18:23:39 GMT',
476 silly get     connection: 'keep-alive',
476 silly get     'set-cookie':
476 silly get      [ '__cfduid=db2d30e098fa0f7c5bda0320082e369eb1572891819; expires=Tue, 03-Nov-20 18:23:39 GMT; path=/; domain=.npmjs.org; HttpOnly' ],
476 silly get     'cf-cache-status': 'HIT',
476 silly get     'cache-control': 'max-age=300',
476 silly get     'cf-ray': '53089ecdec28df3a-BOM',
476 silly get     age: '4463',
476 silly get     etag: '"7e1aa4591615c6775d58881e2119bb1b"',
476 silly get     'expect-ct': 'max-age=604800, report-uri="https://report-uri.cloudflare.com/cdn-cgi/beacon/expect-ct"',
476 silly get     'last-modified': 'Sun, 27 May 2018 02:39:28 GMT',
476 silly get     vary: 'accept-encoding, accept',
476 silly get     server: 'cloudflare' } ]
477 verbose etag https://registry.npmjs.org/graceful-readlink from cache
478 verbose get saving graceful-readlink to /home/abhishek/.npm/registry.npmjs.org/graceful-readlink/.cache.json
479 silly resolveWithNewModule graceful-readlink@1.0.1 checking installable status
480 silly cache add args [ 'graceful-readlink@>= 1.0.0', null ]
481 verbose cache add spec graceful-readlink@>= 1.0.0
482 silly cache add parsed spec Result {
482 silly cache add   raw: 'graceful-readlink@>= 1.0.0',
482 silly cache add   scope: null,
482 silly cache add   name: 'graceful-readlink',
482 silly cache add   rawSpec: '>= 1.0.0',
482 silly cache add   spec: '>=1.0.0',
482 silly cache add   type: 'range' }
483 silly addNamed graceful-readlink@>=1.0.0
484 verbose addNamed ">=1.0.0" is a valid semver range for graceful-readlink
485 silly addNameRange { name: 'graceful-readlink', range: '>=1.0.0', hasData: false }
486 silly mapToRegistry name graceful-readlink
487 silly mapToRegistry using default registry
488 silly mapToRegistry registry https://registry.npmjs.org/
489 silly mapToRegistry uri https://registry.npmjs.org/graceful-readlink
490 verbose addNameRange registry:https://registry.npmjs.org/graceful-readlink not in flight; fetching
491 verbose get https://registry.npmjs.org/graceful-readlink not expired, no request
492 silly addNameRange number 2 { name: 'graceful-readlink', range: '>=1.0.0', hasData: true }
493 silly addNameRange versions [ 'graceful-readlink', [ '1.0.0', '1.0.1' ] ]
494 silly addNamed graceful-readlink@1.0.1
495 verbose addNamed "1.0.1" is a plain semver version for graceful-readlink
496 silly cache afterAdd graceful-readlink@1.0.1
497 verbose afterAdd /home/abhishek/.npm/graceful-readlink/1.0.1/package/package.json not in flight; writing
498 verbose afterAdd /home/abhishek/.npm/graceful-readlink/1.0.1/package/package.json written
499 silly loadAllDepsIntoIdealTree Finishing
500 silly idealTree:prePrune lib
500 silly idealTree:prePrune `-- update-node@0.1.0
500 silly idealTree:prePrune   +-- ansi-regex@2.1.1
500 silly idealTree:prePrune   +-- ansi-styles@2.2.1
500 silly idealTree:prePrune   +-- buntstift@0.4.0
500 silly idealTree:prePrune   +-- chalk@1.1.1
500 silly idealTree:prePrune   +-- commander@2.9.0
500 silly idealTree:prePrune   +-- escape-string-regexp@1.0.5
500 silly idealTree:prePrune   +-- graceful-readlink@1.0.1
500 silly idealTree:prePrune   +-- has-ansi@2.0.0
500 silly idealTree:prePrune   +-- markup-js@1.5.21
500 silly idealTree:prePrune   +-- node-spinner@0.0.4
500 silly idealTree:prePrune   +-- strip-ansi@3.0.1
500 silly idealTree:prePrune   +-- supports-color@2.0.0
500 silly idealTree:prePrune   `-- util-extend@1.0.3
501 silly loadIdealTree Finishing
502 silly currentTree lib
503 silly idealTree lib
503 silly idealTree `-- update-node@0.1.0
503 silly idealTree   +-- ansi-regex@2.1.1
503 silly idealTree   +-- ansi-styles@2.2.1
503 silly idealTree   +-- buntstift@0.4.0
503 silly idealTree   +-- chalk@1.1.1
503 silly idealTree   +-- commander@2.9.0
503 silly idealTree   +-- escape-string-regexp@1.0.5
503 silly idealTree   +-- graceful-readlink@1.0.1
503 silly idealTree   +-- has-ansi@2.0.0
503 silly idealTree   +-- markup-js@1.5.21
503 silly idealTree   +-- node-spinner@0.0.4
503 silly idealTree   +-- strip-ansi@3.0.1
503 silly idealTree   +-- supports-color@2.0.0
503 silly idealTree   `-- util-extend@1.0.3
504 silly generateActionsToTake Starting
505 silly install generateActionsToTake
506 warn checkPermissions Missing write access to /usr/local/lib/node_modules
507 silly rollbackFailedOptional Starting
508 silly rollbackFailedOptional Finishing
509 silly runTopLevelLifecycles Starting
510 silly runTopLevelLifecycles Finishing
511 silly install printInstalled
512 verbose stack Error: EACCES: permission denied, access '/usr/local/lib/node_modules'
513 verbose cwd /home/abhishek/Desktop/electron1
514 error Linux 5.0.0-31-generic
515 error argv "/usr/bin/node" "/usr/bin/npm" "install" "-g" "update-node"
516 error node v8.10.0
517 error npm  v3.5.2
518 error path /usr/local/lib/node_modules
519 error code EACCES
520 error errno -13
521 error syscall access
522 error Error: EACCES: permission denied, access '/usr/local/lib/node_modules'
522 error  { Error: EACCES: permission denied, access '/usr/local/lib/node_modules'
522 error   errno: -13,
522 error   code: 'EACCES',
522 error   syscall: 'access',
522 error   path: '/usr/local/lib/node_modules' }
523 error Please try running this command again as root/Administrator.
524 verbose exit [ -13, true ]
